Command line invocation:
    /Applications/Xcode.app/Contents/Developer/usr/bin/xcodebuild -project VPSocketIO.xcodeproj -scheme VPSocketIO -sdk iphonesimulator -configuration Debug build -arch x86_64

User defaults from command line:
    IDEPackageSupportUseBuiltinSCM = YES

Build settings from command line:
    ARCHS = x86_64
    SDKROOT = iphonesimulator18.1

--- xcodebuild: WARNING: Using the first of multiple matching destinations:
{ platform:iOS Simulator, id:dvtdevice-DVTiOSDeviceSimulatorPlaceholder-iphonesimulator:placeholder, name:Any iOS Simulator Device }
{ platform:iOS Simulator, id:3A8F2C00-2B86-4894-9F51-8D11810028BB, OS:18.1, name:iPad (7th generation) }
{ platform:iOS Simulator, id:CAE18139-6313-425F-BE76-C037FBD200A7, OS:18.1, name:iPad (10th generation) }
{ platform:iOS Simulator, id:35B51EC2-B942-4F7C-857D-5D021FA6ABE8, OS:18.1, name:iPad Air (3rd generation) }
{ platform:iOS Simulator, id:81712C0C-7714-4AAB-890B-E1536434BF45, OS:18.1, name:iPad Air 11-inch (M2) }
{ platform:iOS Simulator, id:544D2F2C-2950-4CC0-8942-8A8FD3680263, OS:18.1, name:iPad Air 13-inch (M2) }
{ platform:iOS Simulator, id:FD3888FA-C714-4373-8B55-539A69CC38F0, OS:18.1, name:iPad Pro (11-inch) (2nd generation) }
{ platform:iOS Simulator, id:1A7C6FD1-F052-47D5-8E27-9D80028C074E, OS:18.1, name:iPad Pro (12.9-inch) (4th generation) }
{ platform:iOS Simulator, id:6BA2DB3B-4D8C-4218-8223-0AAD3590AAB4, OS:18.1, name:iPad Pro 11-inch (M4) }
{ platform:iOS Simulator, id:737EAD79-7148-4FEE-8530-47D5B9E4EDBA, OS:18.1, name:iPad Pro 13-inch (M4) }
{ platform:iOS Simulator, id:94F48617-E795-490D-A68E-A63C7F72882C, OS:18.1, name:iPad mini (A17 Pro) }
{ platform:iOS Simulator, id:3AF85455-2FAB-4A48-9F50-3F6D1955AA7D, OS:18.1, name:iPhone 11 }
{ platform:iOS Simulator, id:AE1E35D9-A671-4BBE-846D-53FEDBE6378D, OS:18.1, name:iPhone 11 Pro }
{ platform:iOS Simulator, id:E12AE254-0557-485F-9FBD-57692D0CE7B3, OS:18.1, name:iPhone 11 Pro Max }
{ platform:iOS Simulator, id:8F4FBE43-A39D-42F6-83CA-3D9A326A1C49, OS:18.1, name:iPhone 16 }
{ platform:iOS Simulator, id:FCA91B1C-C1E5-42F3-AB55-5FEDBBD3E2E7, OS:18.1, name:iPhone 16 Plus }
{ platform:iOS Simulator, id:9F21D91D-5E37-483D-8E33-D1F1987B4387, OS:18.1, name:iPhone 16 Pro }
{ platform:iOS Simulator, id:F43DF23E-C585-4F4C-9EB6-AEC9CCA01708, OS:18.1, name:iPhone 16 Pro Max }
{ platform:iOS Simulator, id:AC83D175-B704-4334-8627-343912EF7D0F, OS:18.1, name:iPhone SE (2nd generation) }
{ platform:iOS Simulator, id:DC1DA264-B4A6-49CB-B4C7-ADBB4239E3FE, OS:18.1, name:iPhone SE (3rd generation) }
{ platform:macOS, arch:x86_64, variant:Mac Catalyst, id:C9080D94-5A6F-5F67-8DE2-F1D500A94B05, name:My Mac }
{ platform:iOS, id:dvtdevice-DVTiPhonePlaceholder-iphoneos:placeholder, name:Any iOS Device }
{ platform:macOS, variant:Mac Catalyst, name:Any Mac }
{ platform:iOS, arch:arm64, id:00008101-000E75E41A88001E, name:iPhone }
Prepare packages

ComputeTargetDependencyGraph
note: Building targets in dependency order
note: Target dependency graph (1 target)
    Target 'VPSocketIO' in project 'VPSocketIO' (no dependencies)

GatherProvisioningInputs

CreateBuildDescription

ExecuteExternalTool /Applications/Xcode.app/Contents/Developer/Toolchains/XcodeDefault.xctoolchain/usr/bin/clang -v -E -dM -isysroot /Applications/Xcode.app/Contents/Developer/Platforms/iPhoneSimulator.platform/Developer/SDKs/iPhoneSimulator18.1.sdk -x c -c /dev/null

ExecuteExternalTool /Applications/Xcode.app/Contents/Developer/Toolchains/XcodeDefault.xctoolchain/usr/bin/clang -v -E -dM -arch x86_64 -isysroot /Applications/Xcode.app/Contents/Developer/Platforms/iPhoneSimulator.platform/Developer/SDKs/iPhoneSimulator18.1.sdk -x c -c /dev/null

ExecuteExternalTool /Applications/Xcode.app/Contents/Developer/Toolchains/XcodeDefault.xctoolchain/usr/bin/clang -v -E -dM -arch x86_64 -isysroot /Applications/Xcode.app/Contents/Developer/Platforms/iPhoneSimulator.platform/Developer/SDKs/iPhoneSimulator18.1.sdk -x objective-c -c /dev/null

ExecuteExternalTool /Applications/Xcode.app/Contents/Developer/Toolchains/XcodeDefault.xctoolchain/usr/bin/ld -version_details

Build description signature: e0c17877d761a261c66d282ff12798b9
Build description path: /Users/luoyongmeng/Library/Developer/Xcode/DerivedData/VPSocketIO-hhdutcmzsdteyubilnoainghilpa/Build/Intermediates.noindex/XCBuildData/e0c17877d761a261c66d282ff12798b9.xcbuilddata
ClangStatCache /Applications/Xcode.app/Contents/Developer/Toolchains/XcodeDefault.xctoolchain/usr/bin/clang-stat-cache /Applications/Xcode.app/Contents/Developer/Platforms/iPhoneSimulator.platform/Developer/SDKs/iPhoneSimulator18.1.sdk /Users/luoyongmeng/Library/Developer/Xcode/DerivedData/SDKStatCaches.noindex/iphonesimulator18.1-22B74-3d93aac3a03ebac1dd8474c5def773dc.sdkstatcache
    cd /Users/luoyongmeng/Documents/githab/RTCVPSocketIO/VPSocketIO.xcodeproj
    /Applications/Xcode.app/Contents/Developer/Toolchains/XcodeDefault.xctoolchain/usr/bin/clang-stat-cache /Applications/Xcode.app/Contents/Developer/Platforms/iPhoneSimulator.platform/Developer/SDKs/iPhoneSimulator18.1.sdk -o /Users/luoyongmeng/Library/Developer/Xcode/DerivedData/SDKStatCaches.noindex/iphonesimulator18.1-22B74-3d93aac3a03ebac1dd8474c5def773dc.sdkstatcache

ProcessInfoPlistFile /Users/luoyongmeng/Documents/githab/RTCVPSocketIO/frameworks/VPSocketIO.framework/Info.plist /Users/luoyongmeng/Documents/githab/RTCVPSocketIO/VPSocketIO-iOS/Info.plist (in target 'VPSocketIO' from project 'VPSocketIO')
    cd /Users/luoyongmeng/Documents/githab/RTCVPSocketIO
    builtin-infoPlistUtility /Users/luoyongmeng/Documents/githab/RTCVPSocketIO/VPSocketIO-iOS/Info.plist -producttype com.apple.product-type.framework -expandbuildsettings -format binary -platform iphonesimulator -o /Users/luoyongmeng/Documents/githab/RTCVPSocketIO/frameworks/VPSocketIO.framework/Info.plist

CompileC /Users/luoyongmeng/Library/Developer/Xcode/DerivedData/VPSocketIO-hhdutcmzsdteyubilnoainghilpa/Build/Intermediates.noindex/VPSocketIO.build/Debug-iphonesimulator/VPSocketIO.build/Objects-normal/x86_64/RTCVPSocketIOClient.o /Users/luoyongmeng/Documents/githab/RTCVPSocketIO/Source/RTCVPSocketIOClient.m normal x86_64 objective-c com.apple.compilers.llvm.clang.1_0.compiler (in target 'VPSocketIO' from project 'VPSocketIO')
    cd /Users/luoyongmeng/Documents/githab/RTCVPSocketIO
    
    Using response file: /Users/luoyongmeng/Library/Developer/Xcode/DerivedData/VPSocketIO-hhdutcmzsdteyubilnoainghilpa/Build/Intermediates.noindex/VPSocketIO.build/Debug-iphonesimulator/VPSocketIO.build/Objects-normal/x86_64/e6072d4f65d7061329687fe24e3d63a7-common-args.resp
    
    /Applications/Xcode.app/Contents/Developer/Toolchains/XcodeDefault.xctoolchain/usr/bin/clang -x objective-c -ivfsstatcache /Users/luoyongmeng/Library/Developer/Xcode/DerivedData/SDKStatCaches.noindex/iphonesimulator18.1-22B74-3d93aac3a03ebac1dd8474c5def773dc.sdkstatcache -fmessage-length\=0 -fdiagnostics-show-note-include-stack -fmacro-backtrace-limit\=0 -fno-color-diagnostics -fmodules-prune-interval\=86400 -fmodules-prune-after\=345600 -fbuild-session-file\=/Users/luoyongmeng/Library/Developer/Xcode/DerivedData/ModuleCache.noindex/Session.modulevalidation -fmodules-validate-once-per-build-session -Wnon-modular-include-in-framework-module -Werror\=non-modular-include-in-framework-module -Wno-trigraphs -Wno-missing-field-initializers -Wno-missing-prototypes -Werror\=return-type -Wdocumentation -Wunreachable-code -Wquoted-include-in-framework-header -Wno-implicit-atomic-properties -Werror\=deprecated-objc-isa-usage -Wno-objc-interface-ivars -Werror\=objc-root-class -Wno-arc-repeated-use-of-weak -Wimplicit-retain-self -Wduplicate-method-match -Wno-missing-braces -Wparentheses -Wswitch -Wunused-function -Wno-unused-label -Wno-unused-parameter -Wunused-variable -Wunused-value -Wempty-body -Wuninitialized -Wconditional-uninitialized -Wno-unknown-pragmas -Wno-shadow -Wno-four-char-constants -Wno-conversion -Wconstant-conversion -Wint-conversion -Wbool-conversion -Wenum-conversion -Wno-float-conversion -Wnon-literal-null-conversion -Wobjc-literal-conversion -Wshorten-64-to-32 -Wpointer-sign -Wno-newline-eof -Wno-selector -Wno-strict-selector-match -Wundeclared-selector -Wdeprecated-implementations -Wno-implicit-fallthrough -fstrict-aliasing -Wprotocol -Wdeprecated-declarations -Wno-sign-conversion -Winfinite-recursion -Wcomma -Wblock-capture-autoreleasing -Wstrict-prototypes -Wno-semicolon-before-method-body -Wunguarded-availability -index-store-path /Users/luoyongmeng/Library/Developer/Xcode/DerivedData/VPSocketIO-hhdutcmzsdteyubilnoainghilpa/Index.noindex/DataStore @/Users/luoyongmeng/Library/Developer/Xcode/DerivedData/VPSocketIO-hhdutcmzsdteyubilnoainghilpa/Build/Intermediates.noindex/VPSocketIO.build/Debug-iphonesimulator/VPSocketIO.build/Objects-normal/x86_64/e6072d4f65d7061329687fe24e3d63a7-common-args.resp -MMD -MT dependencies -MF /Users/luoyongmeng/Library/Developer/Xcode/DerivedData/VPSocketIO-hhdutcmzsdteyubilnoainghilpa/Build/Intermediates.noindex/VPSocketIO.build/Debug-iphonesimulator/VPSocketIO.build/Objects-normal/x86_64/RTCVPSocketIOClient.d --serialize-diagnostics /Users/luoyongmeng/Library/Developer/Xcode/DerivedData/VPSocketIO-hhdutcmzsdteyubilnoainghilpa/Build/Intermediates.noindex/VPSocketIO.build/Debug-iphonesimulator/VPSocketIO.build/Objects-normal/x86_64/RTCVPSocketIOClient.dia -c /Users/luoyongmeng/Documents/githab/RTCVPSocketIO/Source/RTCVPSocketIOClient.m -o /Users/luoyongmeng/Library/Developer/Xcode/DerivedData/VPSocketIO-hhdutcmzsdteyubilnoainghilpa/Build/Intermediates.noindex/VPSocketIO.build/Debug-iphonesimulator/VPSocketIO.build/Objects-normal/x86_64/RTCVPSocketIOClient.o -index-unit-output-path /VPSocketIO.build/Debug-iphonesimulator/VPSocketIO.build/Objects-normal/x86_64/RTCVPSocketIOClient.o
/Applications/Xcode.app/Contents/Developer/Toolchains/XcodeDefault.xctoolchain/usr/bin/clang -cc1 -Wundef-prefix\=TARGET_OS_ -fdiagnostics-show-note-include-stack -fmacro-backtrace-limit\=0 -ferror-limit 19 -serialize-diagnostic-file /Users/luoyongmeng/Library/Developer/Xcode/DerivedData/VPSocketIO-hhdutcmzsdteyubilnoainghilpa/Build/Intermediates.noindex/VPSocketIO.build/Debug-iphonesimulator/VPSocketIO.build/Objects-normal/x86_64/RTCVPSocketIOClient.dia -Wdeprecated-objc-isa-usage -Werror\=deprecated-objc-isa-usage -Werror\=implicit-function-declaration -Wnon-modular-include-in-framework-module -Werror\=non-modular-include-in-framework-module -Wno-trigraphs -Wno-missing-field-initializers -Wno-missing-prototypes -Werror\=return-type -Wdocumentation -Wunreachable-code -Wquoted-include-in-framework-header -Wno-implicit-atomic-properties -Werror\=deprecated-objc-isa-usage -Wno-objc-interface-ivars -Werror\=objc-root-class -Wno-arc-repeated-use-of-weak -Wimplicit-retain-self -Wduplicate-method-match -Wno-missing-braces -Wparentheses -Wswitch -Wunused-function -Wno-unused-label -Wno-unused-parameter -Wunused-variable -Wunused-value -Wempty-body -Wuninitialized -Wconditional-uninitialized -Wno-unknown-pragmas -Wno-shadow -Wno-four-char-constants -Wno-conversion -Wconstant-conversion -Wint-conversion -Wbool-conversion -Wenum-conversion -Wno-float-conversion -Wnon-literal-null-conversion -Wobjc-literal-conversion -Wshorten-64-to-32 -Wpointer-sign -Wno-newline-eof -Wno-selector -Wno-strict-selector-match -Wundeclared-selector -Wdeprecated-implementations -Wno-implicit-fallthrough -Wprotocol -Wdeprecated-declarations -Wno-sign-conversion -Winfinite-recursion -Wcomma -Wblock-capture-autoreleasing -Wstrict-prototypes -Wno-semicolon-before-method-body -Wunguarded-availability -Wno-reorder-init-list -Wno-implicit-int-float-conversion -Wno-c99-designator -Wno-final-dtor-non-final-class -Wno-extra-semi-stmt -Wno-misleading-indentation -Wno-implicit-fallthrough -Wno-enum-enum-conversion -Wno-enum-float-conversion -Wno-elaborated-enum-base -Wno-reserved-identifier -Wno-gnu-folding-constant -index-store-path /Users/luoyongmeng/Library/Developer/Xcode/DerivedData/VPSocketIO-hhdutcmzsdteyubilnoainghilpa/Index.noindex/DataStore -index-unit-output-path /VPSocketIO.build/Debug-iphonesimulator/VPSocketIO.build/Objects-normal/x86_64/RTCVPSocketIOClient.o -fmodule-map-file\=/Applications/Xcode.app/Contents/Developer/Platforms/iPhoneSimulator.platform/Developer/SDKs/iPhoneSimulator.sdk/System/Library/Frameworks/Foundation.framework/Modules/module.modulemap -fmodule-map-file\=/Applications/Xcode.app/Contents/Developer/Platforms/iPhoneSimulator.platform/Developer/SDKs/iPhoneSimulator.sdk/System/Library/Frameworks/SystemConfiguration.framework/Modules/module.modulemap -o /Users/luoyongmeng/Library/Developer/Xcode/DerivedData/VPSocketIO-hhdutcmzsdteyubilnoainghilpa/Build/Intermediates.noindex/VPSocketIO.build/Debug-iphonesimulator/VPSocketIO.build/Objects-normal/x86_64/RTCVPSocketIOClient.o -disable-free -emit-obj -x objective-c /Users/luoyongmeng/Documents/githab/RTCVPSocketIO/Source/RTCVPSocketIOClient.m -tune-cpu generic -target-cpu core2 -triple x86_64-apple-ios12.0.0-simulator -target-linker-version 1115.7.3 -target-sdk-version\=18.1 -fmodules-validate-system-headers -fno-modulemap-allow-subdirectory-search -isysroot /Applications/Xcode.app/Contents/Developer/Platforms/iPhoneSimulator.platform/Developer/SDKs/iPhoneSimulator18.1.sdk -resource-dir /Applications/Xcode.app/Contents/Developer/Toolchains/XcodeDefault.xctoolchain/usr/lib/clang/16 -fmodule-format\=obj -fmodule-file\=Foundation\=/Users/luoyongmeng/Library/Developer/Xcode/DerivedData/VPSocketIO-hhdutcmzsdteyubilnoainghilpa/Build/Intermediates.noindex/ExplicitPrecompiledModules/Foundation-824ZK6C5E60W3IDBTWM85KDDZ.pcm -fmodule-file\=SystemConfiguration\=/Users/luoyongmeng/Library/Developer/Xcode/DerivedData/VPSocketIO-hhdutcmzsdteyubilnoainghilpa/Build/Intermediates.noindex/ExplicitPrecompiledModules/SystemConfiguration-9EKS0AF0GIEJVUHLZMSQNOGXN.pcm -I /Users/luoyongmeng/Library/Developer/Xcode/DerivedData/VPSocketIO-hhdutcmzsdteyubilnoainghilpa/Build/Intermediates.noindex/VPSocketIO.build/Debug-iphonesimulator/VPSocketIO.build/VPSocketIO-own-target-headers.hmap -I /Users/luoyongmeng/Library/Developer/Xcode/DerivedData/VPSocketIO-hhdutcmzsdteyubilnoainghilpa/Build/Intermediates.noindex/VPSocketIO.build/Debug-iphonesimulator/VPSocketIO.build/VPSocketIO-all-non-framework-target-headers.hmap -I /Users/luoyongmeng/Documents/githab/RTCVPSocketIO/frameworks/include -I /Users/luoyongmeng/Library/Developer/Xcode/DerivedData/VPSocketIO-hhdutcmzsdteyubilnoainghilpa/Build/Intermediates.noindex/VPSocketIO.build/Debug-iphonesimulator/VPSocketIO.build/DerivedSources-normal/x86_64 -I /Users/luoyongmeng/Library/Developer/Xcode/DerivedData/VPSocketIO-hhdutcmzsdteyubilnoainghilpa/Build/Intermediates.noindex/VPSocketIO.build/Debug-iphonesimulator/VPSocketIO.build/DerivedSources/x86_64 -I /Users/luoyongmeng/Library/Developer/Xcode/DerivedData/VPSocketIO-hhdutcmzsdteyubilnoainghilpa/Build/Intermediates.noindex/VPSocketIO.build/Debug-iphonesimulator/VPSocketIO.build/DerivedSources -F /Users/luoyongmeng/Documents/githab/RTCVPSocketIO/frameworks -iquote /Users/luoyongmeng/Library/Developer/Xcode/DerivedData/VPSocketIO-hhdutcmzsdteyubilnoainghilpa/Build/Intermediates.noindex/VPSocketIO.build/Debug-iphonesimulator/VPSocketIO.build/VPSocketIO-generated-files.hmap -iquote /Users/luoyongmeng/Library/Developer/Xcode/DerivedData/VPSocketIO-hhdutcmzsdteyubilnoainghilpa/Build/Intermediates.noindex/VPSocketIO.build/Debug-iphonesimulator/VPSocketIO.build/VPSocketIO-project-headers.hmap -isystem /Applications/Xcode.app/Contents/Developer/Platforms/iPhoneSimulator.platform/Developer/SDKs/iPhoneSimulator18.1.sdk/usr/local/include -isystem /Applications/Xcode.app/Contents/Developer/Toolchains/XcodeDefault.xctoolchain/usr/lib/clang/16/include -internal-externc-isystem /Applications/Xcode.app/Contents/Developer/Platforms/iPhoneSimulator.platform/Developer/SDKs/iPhoneSimulator18.1.sdk/usr/include -internal-externc-isystem /Applications/Xcode.app/Contents/Developer/Toolchains/XcodeDefault.xctoolchain/usr/include -ivfsstatcache /Users/luoyongmeng/Library/Developer/Xcode/DerivedData/SDKStatCaches.noindex/iphonesimulator18.1-22B74-3d93aac3a03ebac1dd8474c5def773dc.sdkstatcache -ivfsoverlay /Users/luoyongmeng/Library/Developer/Xcode/DerivedData/VPSocketIO-hhdutcmzsdteyubilnoainghilpa/Build/Intermediates.noindex/VPSocketIO.build/Debug-iphonesimulator/VPSocketIO-3b4d52bc622c329a6fc4e33e4cb8f343-VFS-iphonesimulator/all-product-headers.yaml -std\=gnu11 -fexceptions -fasm-blocks -fmodules -fmodule-name\=VPSocketIO -fno-implicit-modules -fobjc-exceptions -fapplication-extension -fmax-type-align\=16 -fpascal-strings -fvisibility-inlines-hidden-static-local-var -mdarwin-stkchk-strong-link -fno-odr-hash-protocols -pic-level 2 -fencode-extended-block-signature -stack-protector 1 -fobjc-runtime\=ios-12.0.0 -fobjc-arc -fobjc-runtime-has-weak -fobjc-weak -fgnuc-version\=4.2.1 -fblocks -ffp-contract\=on -fclang-abi-compat\=4.0 -fno-experimental-relative-c++-abi-vtables -fno-file-reproducible -clang-vendor-feature\=+disableNonDependentMemberExprInCurrentInstantiation -clang-vendor-feature\=+enableAggressiveVLAFolding -clang-vendor-feature\=+revert09abecef7bbf -clang-vendor-feature\=+thisNoAlignAttr -clang-vendor-feature\=+thisNoNullAttr -clang-vendor-feature\=+disableAtImportPrivateFrameworkInImplementationError -O0 -fdebug-compilation-dir\=/Users/luoyongmeng/Documents/githab/RTCVPSocketIO -fcoverage-compilation-dir\=/Users/luoyongmeng/Documents/githab/RTCVPSocketIO -fregister-global-dtors-with-atexit -fno-strict-return -mrelax-all -dwarf-version\=4 -debugger-tuning\=lldb -disable-llvm-verifier -dwarf-ext-refs -mframe-pointer\=all -funwind-tables\=2 -clear-ast-before-backend -discard-value-names -main-file-name RTCVPSocketIOClient.m -debug-info-kind\=standalone -fdiagnostics-hotness-threshold\=0 -fdiagnostics-misexpect-tolerance\=0 -D DEBUG\=1 -D OBJC_OLD_DISPATCH_PROTOTYPES\=0 -D __GCC_HAVE_DWARF2_CFI_ASM\=1 -MT dependencies -dependency-file /Users/luoyongmeng/Library/Developer/Xcode/DerivedData/VPSocketIO-hhdutcmzsdteyubilnoainghilpa/Build/Intermediates.noindex/VPSocketIO.build/Debug-iphonesimulator/VPSocketIO.build/Objects-normal/x86_64/RTCVPSocketIOClient.d -skip-unused-modulemap-deps
In file included from /Users/luoyongmeng/Documents/githab/RTCVPSocketIO/Source/RTCVPSocketIOClient.m:10:
/Users/luoyongmeng/Documents/githab/RTCVPSocketIO/Source/RTCVPSocketIOClient.h:25:44: error: unknown type name 'RTCVPSocketAnyEvent'
   25 | typedef void (^RTCVPSocketAnyEventHandler)(RTCVPSocketAnyEvent* _Nonnull event);
      |                                            ^
/Users/luoyongmeng/Documents/githab/RTCVPSocketIO/Source/RTCVPSocketIOClient.m:507:37: error: no visible @interface for 'RTCVPSocketAckManager' declares the selector 'removeAck:'
  507 |             [strongSelf.ackHandlers removeAck:ackId];
      |              ~~~~~~~~~~~~~~~~~~~~~~ ^~~~~~~~~
/Users/luoyongmeng/Documents/githab/RTCVPSocketIO/Source/RTCVPSocketIOClient.m:530:118: warning: capturing 'self' strongly in this block is likely to lead to a retain cycle [-Warc-retain-cycles]
  530 |             [RTCDefaultSocketLogger.logger log:[NSString stringWithFormat:@"ACK received for ackId: %d", ackId] type:self.logType];
      |                                                                                                                      ^~~~
/Users/luoyongmeng/Documents/githab/RTCVPSocketIO/Source/RTCVPSocketIOClient.m:520:6: note: block will be retained by an object strongly retained by the captured object
  520 |     [self.ackHandlers addAck:ackId
      |      ^~~~
/Users/luoyongmeng/Documents/githab/RTCVPSocketIO/Source/RTCVPSocketIOClient.m:605:26: error: unknown receiver 'RTCVPSocketAnyEvent'; did you mean 'RTCVPSocketIOClient'?
  605 |             anyHandler([[RTCVPSocketAnyEvent alloc] initWithEvent:event andItems:data]);
      |                          ^~~~~~~~~~~~~~~~~~~
      |                          RTCVPSocketIOClient
In file included from /Users/luoyongmeng/Documents/githab/RTCVPSocketIO/Source/RTCVPSocketIOClient.m:10:
/Users/luoyongmeng/Documents/githab/RTCVPSocketIO/Source/RTCVPSocketIOClient.h:29:12: note: 'RTCVPSocketIOClient' declared here
   29 | @interface RTCVPSocketIOClient : NSObject<RTCVPSocketIOClientProtocol>
      |            ^
/Users/luoyongmeng/Documents/githab/RTCVPSocketIO/Source/RTCVPSocketIOClient.m:605:53: error: no visible @interface for 'RTCVPSocketIOClient' declares the selector 'initWithEvent:andItems:'
  605 |             anyHandler([[RTCVPSocketAnyEvent alloc] initWithEvent:event andItems:data]);
      |                         ~~~~~~~~~~~~~~~~~~~~~~~~~~~ ^~~~~~~~~~~~~~~~~~~~~~~~~~~~
/Users/luoyongmeng/Documents/githab/RTCVPSocketIO/Source/RTCVPSocketIOClient.m:787:53: error: property 'reconnecting' not found on object of type 'RTCVPSocketIOClient *'; did you mean 'reconnects'?
  787 |             if (strongSelf.reconnects && strongSelf.reconnecting) {
      |                                                     ^~~~~~~~~~~~
      |                                                     reconnects
In file included from /Users/luoyongmeng/Documents/githab/RTCVPSocketIO/Source/RTCVPSocketIOClient.m:10:
/Users/luoyongmeng/Documents/githab/RTCVPSocketIO/Source/RTCVPSocketIOClient.h:38:28: note: 'reconnects' declared here
   38 | @property (nonatomic) BOOL reconnects;
      |                            ^
/Users/luoyongmeng/Documents/githab/RTCVPSocketIO/Source/RTCVPSocketIOClient.m:999:31: error: no known class method for selector 'packetFromString:'
  999 |     return [RTCVPSocketPacket packetFromString:message];
      |                               ^~~~~~~~~~~~~~~~
/Users/luoyongmeng/Documents/githab/RTCVPSocketIO/Source/RTCVPSocketIOClient.m:127:17: warning: class 'RTCVPSocketIOClient' does not conform to protocol 'RTCVPSocketEngineClient' [-Wprotocol]
  127 | @implementation RTCVPSocketIOClient
      |                 ^
/Users/luoyongmeng/Documents/githab/RTCVPSocketIO/Source/RTCVPSocketIOClient.m:127:17: note: add stubs for missing protocol requirements
  127 | @implementation RTCVPSocketIOClient
      |                 ^
2 warnings and 6 errors generated.

CompileC /Users/luoyongmeng/Library/Developer/Xcode/DerivedData/VPSocketIO-hhdutcmzsdteyubilnoainghilpa/Build/Intermediates.noindex/VPSocketIO.build/Debug-iphonesimulator/VPSocketIO.build/Objects-normal/x86_64/RTCVPSocketEngine.o /Users/luoyongmeng/Documents/githab/RTCVPSocketIO/Source/RTCVPSocketEngine.m normal x86_64 objective-c com.apple.compilers.llvm.clang.1_0.compiler (in target 'VPSocketIO' from project 'VPSocketIO')
    cd /Users/luoyongmeng/Documents/githab/RTCVPSocketIO
    
    Using response file: /Users/luoyongmeng/Library/Developer/Xcode/DerivedData/VPSocketIO-hhdutcmzsdteyubilnoainghilpa/Build/Intermediates.noindex/VPSocketIO.build/Debug-iphonesimulator/VPSocketIO.build/Objects-normal/x86_64/e6072d4f65d7061329687fe24e3d63a7-common-args.resp
    
    /Applications/Xcode.app/Contents/Developer/Toolchains/XcodeDefault.xctoolchain/usr/bin/clang -x objective-c -ivfsstatcache /Users/luoyongmeng/Library/Developer/Xcode/DerivedData/SDKStatCaches.noindex/iphonesimulator18.1-22B74-3d93aac3a03ebac1dd8474c5def773dc.sdkstatcache -fmessage-length\=0 -fdiagnostics-show-note-include-stack -fmacro-backtrace-limit\=0 -fno-color-diagnostics -fmodules-prune-interval\=86400 -fmodules-prune-after\=345600 -fbuild-session-file\=/Users/luoyongmeng/Library/Developer/Xcode/DerivedData/ModuleCache.noindex/Session.modulevalidation -fmodules-validate-once-per-build-session -Wnon-modular-include-in-framework-module -Werror\=non-modular-include-in-framework-module -Wno-trigraphs -Wno-missing-field-initializers -Wno-missing-prototypes -Werror\=return-type -Wdocumentation -Wunreachable-code -Wquoted-include-in-framework-header -Wno-implicit-atomic-properties -Werror\=deprecated-objc-isa-usage -Wno-objc-interface-ivars -Werror\=objc-root-class -Wno-arc-repeated-use-of-weak -Wimplicit-retain-self -Wduplicate-method-match -Wno-missing-braces -Wparentheses -Wswitch -Wunused-function -Wno-unused-label -Wno-unused-parameter -Wunused-variable -Wunused-value -Wempty-body -Wuninitialized -Wconditional-uninitialized -Wno-unknown-pragmas -Wno-shadow -Wno-four-char-constants -Wno-conversion -Wconstant-conversion -Wint-conversion -Wbool-conversion -Wenum-conversion -Wno-float-conversion -Wnon-literal-null-conversion -Wobjc-literal-conversion -Wshorten-64-to-32 -Wpointer-sign -Wno-newline-eof -Wno-selector -Wno-strict-selector-match -Wundeclared-selector -Wdeprecated-implementations -Wno-implicit-fallthrough -fstrict-aliasing -Wprotocol -Wdeprecated-declarations -Wno-sign-conversion -Winfinite-recursion -Wcomma -Wblock-capture-autoreleasing -Wstrict-prototypes -Wno-semicolon-before-method-body -Wunguarded-availability -index-store-path /Users/luoyongmeng/Library/Developer/Xcode/DerivedData/VPSocketIO-hhdutcmzsdteyubilnoainghilpa/Index.noindex/DataStore @/Users/luoyongmeng/Library/Developer/Xcode/DerivedData/VPSocketIO-hhdutcmzsdteyubilnoainghilpa/Build/Intermediates.noindex/VPSocketIO.build/Debug-iphonesimulator/VPSocketIO.build/Objects-normal/x86_64/e6072d4f65d7061329687fe24e3d63a7-common-args.resp -MMD -MT dependencies -MF /Users/luoyongmeng/Library/Developer/Xcode/DerivedData/VPSocketIO-hhdutcmzsdteyubilnoainghilpa/Build/Intermediates.noindex/VPSocketIO.build/Debug-iphonesimulator/VPSocketIO.build/Objects-normal/x86_64/RTCVPSocketEngine.d --serialize-diagnostics /Users/luoyongmeng/Library/Developer/Xcode/DerivedData/VPSocketIO-hhdutcmzsdteyubilnoainghilpa/Build/Intermediates.noindex/VPSocketIO.build/Debug-iphonesimulator/VPSocketIO.build/Objects-normal/x86_64/RTCVPSocketEngine.dia -c /Users/luoyongmeng/Documents/githab/RTCVPSocketIO/Source/RTCVPSocketEngine.m -o /Users/luoyongmeng/Library/Developer/Xcode/DerivedData/VPSocketIO-hhdutcmzsdteyubilnoainghilpa/Build/Intermediates.noindex/VPSocketIO.build/Debug-iphonesimulator/VPSocketIO.build/Objects-normal/x86_64/RTCVPSocketEngine.o -index-unit-output-path /VPSocketIO.build/Debug-iphonesimulator/VPSocketIO.build/Objects-normal/x86_64/RTCVPSocketEngine.o
/Applications/Xcode.app/Contents/Developer/Toolchains/XcodeDefault.xctoolchain/usr/bin/clang -cc1 -Wundef-prefix\=TARGET_OS_ -fdiagnostics-show-note-include-stack -fmacro-backtrace-limit\=0 -ferror-limit 19 -serialize-diagnostic-file /Users/luoyongmeng/Library/Developer/Xcode/DerivedData/VPSocketIO-hhdutcmzsdteyubilnoainghilpa/Build/Intermediates.noindex/VPSocketIO.build/Debug-iphonesimulator/VPSocketIO.build/Objects-normal/x86_64/RTCVPSocketEngine.dia -Wdeprecated-objc-isa-usage -Werror\=deprecated-objc-isa-usage -Werror\=implicit-function-declaration -Wnon-modular-include-in-framework-module -Werror\=non-modular-include-in-framework-module -Wno-trigraphs -Wno-missing-field-initializers -Wno-missing-prototypes -Werror\=return-type -Wdocumentation -Wunreachable-code -Wquoted-include-in-framework-header -Wno-implicit-atomic-properties -Werror\=deprecated-objc-isa-usage -Wno-objc-interface-ivars -Werror\=objc-root-class -Wno-arc-repeated-use-of-weak -Wimplicit-retain-self -Wduplicate-method-match -Wno-missing-braces -Wparentheses -Wswitch -Wunused-function -Wno-unused-label -Wno-unused-parameter -Wunused-variable -Wunused-value -Wempty-body -Wuninitialized -Wconditional-uninitialized -Wno-unknown-pragmas -Wno-shadow -Wno-four-char-constants -Wno-conversion -Wconstant-conversion -Wint-conversion -Wbool-conversion -Wenum-conversion -Wno-float-conversion -Wnon-literal-null-conversion -Wobjc-literal-conversion -Wshorten-64-to-32 -Wpointer-sign -Wno-newline-eof -Wno-selector -Wno-strict-selector-match -Wundeclared-selector -Wdeprecated-implementations -Wno-implicit-fallthrough -Wprotocol -Wdeprecated-declarations -Wno-sign-conversion -Winfinite-recursion -Wcomma -Wblock-capture-autoreleasing -Wstrict-prototypes -Wno-semicolon-before-method-body -Wunguarded-availability -Wno-reorder-init-list -Wno-implicit-int-float-conversion -Wno-c99-designator -Wno-final-dtor-non-final-class -Wno-extra-semi-stmt -Wno-misleading-indentation -Wno-implicit-fallthrough -Wno-enum-enum-conversion -Wno-enum-float-conversion -Wno-elaborated-enum-base -Wno-reserved-identifier -Wno-gnu-folding-constant -index-store-path /Users/luoyongmeng/Library/Developer/Xcode/DerivedData/VPSocketIO-hhdutcmzsdteyubilnoainghilpa/Index.noindex/DataStore -index-unit-output-path /VPSocketIO.build/Debug-iphonesimulator/VPSocketIO.build/Objects-normal/x86_64/RTCVPSocketEngine.o -fmodule-map-file\=/Applications/Xcode.app/Contents/Developer/Platforms/iPhoneSimulator.platform/Developer/SDKs/iPhoneSimulator.sdk/System/Library/Frameworks/Foundation.framework/Modules/module.modulemap -fmodule-map-file\=/Applications/Xcode.app/Contents/Developer/Platforms/iPhoneSimulator.platform/Developer/SDKs/iPhoneSimulator.sdk/System/Library/Frameworks/Security.framework/Modules/module.modulemap -o /Users/luoyongmeng/Library/Developer/Xcode/DerivedData/VPSocketIO-hhdutcmzsdteyubilnoainghilpa/Build/Intermediates.noindex/VPSocketIO.build/Debug-iphonesimulator/VPSocketIO.build/Objects-normal/x86_64/RTCVPSocketEngine.o -disable-free -emit-obj -x objective-c /Users/luoyongmeng/Documents/githab/RTCVPSocketIO/Source/RTCVPSocketEngine.m -tune-cpu generic -target-cpu core2 -triple x86_64-apple-ios12.0.0-simulator -target-linker-version 1115.7.3 -target-sdk-version\=18.1 -fmodules-validate-system-headers -fno-modulemap-allow-subdirectory-search -isysroot /Applications/Xcode.app/Contents/Developer/Platforms/iPhoneSimulator.platform/Developer/SDKs/iPhoneSimulator18.1.sdk -resource-dir /Applications/Xcode.app/Contents/Developer/Toolchains/XcodeDefault.xctoolchain/usr/lib/clang/16 -fmodule-format\=obj -fmodule-file\=Foundation\=/Users/luoyongmeng/Library/Developer/Xcode/DerivedData/VPSocketIO-hhdutcmzsdteyubilnoainghilpa/Build/Intermediates.noindex/ExplicitPrecompiledModules/Foundation-824ZK6C5E60W3IDBTWM85KDDZ.pcm -fmodule-file\=Security\=/Users/luoyongmeng/Library/Developer/Xcode/DerivedData/VPSocketIO-hhdutcmzsdteyubilnoainghilpa/Build/Intermediates.noindex/ExplicitPrecompiledModules/Security-CC7L0METY62UAPT52PXBPD7YH.pcm -I /Users/luoyongmeng/Library/Developer/Xcode/DerivedData/VPSocketIO-hhdutcmzsdteyubilnoainghilpa/Build/Intermediates.noindex/VPSocketIO.build/Debug-iphonesimulator/VPSocketIO.build/VPSocketIO-own-target-headers.hmap -I /Users/luoyongmeng/Library/Developer/Xcode/DerivedData/VPSocketIO-hhdutcmzsdteyubilnoainghilpa/Build/Intermediates.noindex/VPSocketIO.build/Debug-iphonesimulator/VPSocketIO.build/VPSocketIO-all-non-framework-target-headers.hmap -I /Users/luoyongmeng/Documents/githab/RTCVPSocketIO/frameworks/include -I /Users/luoyongmeng/Library/Developer/Xcode/DerivedData/VPSocketIO-hhdutcmzsdteyubilnoainghilpa/Build/Intermediates.noindex/VPSocketIO.build/Debug-iphonesimulator/VPSocketIO.build/DerivedSources-normal/x86_64 -I /Users/luoyongmeng/Library/Developer/Xcode/DerivedData/VPSocketIO-hhdutcmzsdteyubilnoainghilpa/Build/Intermediates.noindex/VPSocketIO.build/Debug-iphonesimulator/VPSocketIO.build/DerivedSources/x86_64 -I /Users/luoyongmeng/Library/Developer/Xcode/DerivedData/VPSocketIO-hhdutcmzsdteyubilnoainghilpa/Build/Intermediates.noindex/VPSocketIO.build/Debug-iphonesimulator/VPSocketIO.build/DerivedSources -F /Users/luoyongmeng/Documents/githab/RTCVPSocketIO/frameworks -iquote /Users/luoyongmeng/Library/Developer/Xcode/DerivedData/VPSocketIO-hhdutcmzsdteyubilnoainghilpa/Build/Intermediates.noindex/VPSocketIO.build/Debug-iphonesimulator/VPSocketIO.build/VPSocketIO-generated-files.hmap -iquote /Users/luoyongmeng/Library/Developer/Xcode/DerivedData/VPSocketIO-hhdutcmzsdteyubilnoainghilpa/Build/Intermediates.noindex/VPSocketIO.build/Debug-iphonesimulator/VPSocketIO.build/VPSocketIO-project-headers.hmap -isystem /Applications/Xcode.app/Contents/Developer/Platforms/iPhoneSimulator.platform/Developer/SDKs/iPhoneSimulator18.1.sdk/usr/local/include -isystem /Applications/Xcode.app/Contents/Developer/Toolchains/XcodeDefault.xctoolchain/usr/lib/clang/16/include -internal-externc-isystem /Applications/Xcode.app/Contents/Developer/Platforms/iPhoneSimulator.platform/Developer/SDKs/iPhoneSimulator18.1.sdk/usr/include -internal-externc-isystem /Applications/Xcode.app/Contents/Developer/Toolchains/XcodeDefault.xctoolchain/usr/include -ivfsstatcache /Users/luoyongmeng/Library/Developer/Xcode/DerivedData/SDKStatCaches.noindex/iphonesimulator18.1-22B74-3d93aac3a03ebac1dd8474c5def773dc.sdkstatcache -ivfsoverlay /Users/luoyongmeng/Library/Developer/Xcode/DerivedData/VPSocketIO-hhdutcmzsdteyubilnoainghilpa/Build/Intermediates.noindex/VPSocketIO.build/Debug-iphonesimulator/VPSocketIO-3b4d52bc622c329a6fc4e33e4cb8f343-VFS-iphonesimulator/all-product-headers.yaml -std\=gnu11 -fexceptions -fasm-blocks -fmodules -fmodule-name\=VPSocketIO -fno-implicit-modules -fobjc-exceptions -fapplication-extension -fmax-type-align\=16 -fpascal-strings -fvisibility-inlines-hidden-static-local-var -mdarwin-stkchk-strong-link -fno-odr-hash-protocols -pic-level 2 -fencode-extended-block-signature -stack-protector 1 -fobjc-runtime\=ios-12.0.0 -fobjc-arc -fobjc-runtime-has-weak -fobjc-weak -fgnuc-version\=4.2.1 -fblocks -ffp-contract\=on -fclang-abi-compat\=4.0 -fno-experimental-relative-c++-abi-vtables -fno-file-reproducible -clang-vendor-feature\=+disableNonDependentMemberExprInCurrentInstantiation -clang-vendor-feature\=+enableAggressiveVLAFolding -clang-vendor-feature\=+revert09abecef7bbf -clang-vendor-feature\=+thisNoAlignAttr -clang-vendor-feature\=+thisNoNullAttr -clang-vendor-feature\=+disableAtImportPrivateFrameworkInImplementationError -O0 -fdebug-compilation-dir\=/Users/luoyongmeng/Documents/githab/RTCVPSocketIO -fcoverage-compilation-dir\=/Users/luoyongmeng/Documents/githab/RTCVPSocketIO -fregister-global-dtors-with-atexit -fno-strict-return -mrelax-all -dwarf-version\=4 -debugger-tuning\=lldb -disable-llvm-verifier -dwarf-ext-refs -mframe-pointer\=all -funwind-tables\=2 -clear-ast-before-backend -discard-value-names -main-file-name RTCVPSocketEngine.m -debug-info-kind\=standalone -fdiagnostics-hotness-threshold\=0 -fdiagnostics-misexpect-tolerance\=0 -D DEBUG\=1 -D OBJC_OLD_DISPATCH_PROTOTYPES\=0 -D __GCC_HAVE_DWARF2_CFI_ASM\=1 -MT dependencies -dependency-file /Users/luoyongmeng/Library/Developer/Xcode/DerivedData/VPSocketIO-hhdutcmzsdteyubilnoainghilpa/Build/Intermediates.noindex/VPSocketIO.build/Debug-iphonesimulator/VPSocketIO.build/Objects-normal/x86_64/RTCVPSocketEngine.d -skip-unused-modulemap-deps
In file included from /Users/luoyongmeng/Documents/githab/RTCVPSocketIO/Source/RTCVPSocketEngine.m:13:
In file included from /Users/luoyongmeng/Documents/githab/RTCVPSocketIO/Source/RTCVPSocketEngine+Private.h:10:
In file included from /Users/luoyongmeng/Documents/githab/RTCVPSocketIO/jetfire/RTCJFRWebSocket.h:23:
/Users/luoyongmeng/Documents/githab/RTCVPSocketIO/jetfire/RTCJFRSecurity.h:52:9: warning: parameter 'usePublicKeys' not found in the function declaration [-Wdocumentation]
   52 |  @param usePublicKeys is to specific if the publicKeys or certificates should be used for SSL pinning validation
      |         ^~~~~~~~~~~~~
/Users/luoyongmeng/Documents/githab/RTCVPSocketIO/jetfire/RTCJFRSecurity.h:52:9: note: did you mean 'publicKeys'?
   52 |  @param usePublicKeys is to specific if the publicKeys or certificates should be used for SSL pinning validation
      |         ^~~~~~~~~~~~~
      |         publicKeys
/Users/luoyongmeng/Documents/githab/RTCVPSocketIO/Source/RTCVPSocketEngine.m:974:12: warning: unused variable 'secondItem' [-Wunused-variable]
  974 |         id secondItem = messageArray[1];
      |            ^~~~~~~~~~
2 warnings generated.

/Users/luoyongmeng/Documents/githab/RTCVPSocketIO/VPSocketIO.xcodeproj: warning: DEFINES_MODULE was set, but no umbrella header could be found to generate the module map (in target 'VPSocketIO' from project 'VPSocketIO')
** BUILD FAILED **


The following build commands failed:
	CompileC /Users/luoyongmeng/Library/Developer/Xcode/DerivedData/VPSocketIO-hhdutcmzsdteyubilnoainghilpa/Build/Intermediates.noindex/VPSocketIO.build/Debug-iphonesimulator/VPSocketIO.build/Objects-normal/x86_64/RTCVPSocketIOClient.o /Users/luoyongmeng/Documents/githab/RTCVPSocketIO/Source/RTCVPSocketIOClient.m normal x86_64 objective-c com.apple.compilers.llvm.clang.1_0.compiler (in target 'VPSocketIO' from project 'VPSocketIO')
	Building project VPSocketIO with scheme VPSocketIO and configuration Debug
(2 failures)
